This file contains any messages produced by compilers while
running configure, to aid debugging if configure makes a mistake.

It was created by talkmm configure 0.1, which was
generated by GNU Autoconf 2.61.  Invocation command line was

  $ ./configure --with-ilbc=/usr/local

## --------- ##
## Platform. ##
## --------- ##

hostname = leros-desktop
uname -m = i686
uname -r = 2.6.24-24-generic
uname -s = Linux
uname -v = #1 SMP Wed Apr 15 15:54:25 UTC 2009

/usr/bin/uname -p = unknown
/bin/uname -X     = unknown

/bin/arch              = unknown
/usr/bin/arch -k       = unknown
/usr/convex/getsysinfo = unknown
/usr/bin/hostinfo      = unknown
/bin/machine           = unknown
/usr/bin/oslevel       = unknown
/bin/universe          = unknown

PATH: /usr/kerberos/bin
PATH: /usr/local/bin
PATH: /usr/bin
PATH: /bin
PATH: /usr/X11R6/bin
PATH: /usr/local/arm/4.1.1-920t/bin
PATH: /usr/local/arm/2.95.3/bin
PATH: /usr/local/arm/3.2.1-elf/bin
PATH: /usr/local/arm/3.3/bin
PATH: /sbin/
PATH: /usr/sbin
PATH: /home/leros/ltib/dict/lfs-5.1/


## ----------- ##
## Core tests. ##
## ----------- ##

configure:2072: checking for a BSD-compatible install
configure:2128: result: /usr/bin/install -c
configure:2139: checking whether build environment is sane
configure:2182: result: yes
configure:2210: checking for a thread-safe mkdir -p
configure:2249: result: /bin/mkdir -p
configure:2262: checking for gawk
configure:2278: found /usr/bin/gawk
configure:2289: result: gawk
configure:2300: checking whether make sets $(MAKE)
configure:2321: result: yes
configure:2501: checking whether to enable maintainer-specific portions of Makefiles
configure:2510: result: no
configure:2535: checking for style of include used by make
configure:2563: result: GNU
configure:2633: checking for gcc
configure:2649: found /usr/bin/gcc
configure:2660: result: gcc
configure:2898: checking for C compiler version
configure:2905: gcc --version >&5
gcc (GCC) 4.2.4 (Ubuntu 4.2.4-1ubuntu4)
Copyright (C) 2007 Free Software Foundation, Inc.
This is free software; see the source for copying conditions.  There is NO
warranty; not even for MERCHANTABILITY or FITNESS FOR A PARTICULAR PURPOSE.

configure:2908: $? = 0
configure:2915: gcc -v >&5
Using built-in specs.
Target: i486-linux-gnu
Configured with: ../src/configure -v --enable-languages=c,c++,fortran,objc,obj-c++,treelang --prefix=/usr --enable-shared --with-system-zlib --libexecdir=/usr/lib --without-included-gettext --enable-threads=posix --enable-nls --with-gxx-include-dir=/usr/include/c++/4.2 --program-suffix=-4.2 --enable-clocale=gnu --enable-libstdcxx-debug --enable-objc-gc --enable-mpfr --enable-targets=all --enable-checking=release --build=i486-linux-gnu --host=i486-linux-gnu --target=i486-linux-gnu
Thread model: posix
gcc version 4.2.4 (Ubuntu 4.2.4-1ubuntu4)
configure:2918: $? = 0
configure:2925: gcc -V >&5
gcc: '-V' option must have argument
configure:2928: $? = 1
configure:2951: checking for C compiler default output file name
configure:2978: gcc    conftest.c  >&5
configure:2981: $? = 0
configure:3019: result: a.out
configure:3036: checking whether the C compiler works
configure:3046: ./a.out
configure:3049: $? = 0
configure:3066: result: yes
configure:3073: checking whether we are cross compiling
configure:3075: result: no
configure:3078: checking for suffix of executables
configure:3085: gcc -o conftest    conftest.c  >&5
configure:3088: $? = 0
configure:3112: result: 
configure:3118: checking for suffix of object files
configure:3144: gcc -c   conftest.c >&5
configure:3147: $? = 0
configure:3170: result: o
configure:3174: checking whether we are using the GNU C compiler
configure:3203: gcc -c   conftest.c >&5
configure:3209: $? = 0
configure:3226: result: yes
configure:3231: checking whether gcc accepts -g
configure:3261: gcc -c -g  conftest.c >&5
configure:3267: $? = 0
configure:3366: result: yes
configure:3383: checking for gcc option to accept ISO C89
configure:3457: gcc  -c -g -O2  conftest.c >&5
configure:3463: $? = 0
configure:3486: result: none needed
configure:3506: checking dependency style of gcc
configure:3597: result: gcc3
configure:3625: checking for intltool >= 0.35.0
configure:3632: result: 0.37.1 found
configure:3683: checking for xgettext
configure:3701: found /usr/bin/xgettext
configure:3713: result: /usr/bin/xgettext
configure:3723: checking for msgmerge
configure:3741: found /usr/bin/msgmerge
configure:3753: result: /usr/bin/msgmerge
configure:3763: checking for msgfmt
configure:3781: found /usr/bin/msgfmt
configure:3793: result: /usr/bin/msgfmt
configure:3825: checking for perl
configure:3843: found /usr/bin/perl
configure:3855: result: /usr/bin/perl
configure:3874: checking for XML::Parser
configure:3877: result: ok
configure:3914: gcc -o conftest -g -O2   conftest.c  >&5
configure:3920: $? = 0
configure:4117: checking build system type
configure:4135: result: i686-pc-linux-gnu
configure:4157: checking host system type
configure:4172: result: i686-pc-linux-gnu
configure:4194: checking for a sed that does not truncate output
configure:4250: result: /bin/sed
configure:4253: checking for grep that handles long lines and -e
configure:4327: result: /bin/grep
configure:4332: checking for egrep
configure:4410: result: /bin/grep -E
configure:4426: checking for ld used by gcc
configure:4493: result: /usr/bin/ld
configure:4502: checking if the linker (/usr/bin/ld) is GNU ld
configure:4517: result: yes
configure:4522: checking for /usr/bin/ld option to reload object files
configure:4529: result: -r
configure:4547: checking for BSD-compatible nm
configure:4596: result: /usr/bin/nm -B
configure:4600: checking whether ln -s works
configure:4604: result: yes
configure:4611: checking how to recognize dependent libraries
configure:4797: result: pass_all
configure:5041: checking how to run the C preprocessor
configure:5081: gcc -E  conftest.c
configure:5087: $? = 0
configure:5118: gcc -E  conftest.c
conftest.c:8:28: error: ac_nonexistent.h: No such file or directory
configure:5124: $? = 1
configure: failed program was:
| /* confdefs.h.  */
| #define PACKAGE_NAME "talkmm"
| #define PACKAGE_TARNAME "talkmm"
| #define PACKAGE_VERSION "0.1"
| #define PACKAGE_STRING "talkmm 0.1"
| #define PACKAGE_BUGREPORT "lerosua@gmail.com"
| /* end confdefs.h.  */
| #include <ac_nonexistent.h>
configure:5157: result: gcc -E
configure:5186: gcc -E  conftest.c
configure:5192: $? = 0
configure:5223: gcc -E  conftest.c
conftest.c:8:28: error: ac_nonexistent.h: No such file or directory
configure:5229: $? = 1
configure: failed program was:
| /* confdefs.h.  */
| #define PACKAGE_NAME "talkmm"
| #define PACKAGE_TARNAME "talkmm"
| #define PACKAGE_VERSION "0.1"
| #define PACKAGE_STRING "talkmm 0.1"
| #define PACKAGE_BUGREPORT "lerosua@gmail.com"
| /* end confdefs.h.  */
| #include <ac_nonexistent.h>
configure:5267: checking for ANSI C header files
configure:5297: gcc -c -g -O2  conftest.c >&5
configure:5303: $? = 0
configure:5402: gcc -o conftest -g -O2   conftest.c  >&5
configure:5405: $? = 0
configure:5411: ./conftest
configure:5414: $? = 0
configure:5431: result: yes
configure:5455: checking for sys/types.h
configure:5476: gcc -c -g -O2  conftest.c >&5
configure:5482: $? = 0
configure:5498: result: yes
configure:5455: checking for sys/stat.h
configure:5476: gcc -c -g -O2  conftest.c >&5
configure:5482: $? = 0
configure:5498: result: yes
configure:5455: checking for stdlib.h
configure:5476: gcc -c -g -O2  conftest.c >&5
configure:5482: $? = 0
configure:5498: result: yes
configure:5455: checking for string.h
configure:5476: gcc -c -g -O2  conftest.c >&5
configure:5482: $? = 0
configure:5498: result: yes
configure:5455: checking for memory.h
configure:5476: gcc -c -g -O2  conftest.c >&5
configure:5482: $? = 0
configure:5498: result: yes
configure:5455: checking for strings.h
configure:5476: gcc -c -g -O2  conftest.c >&5
configure:5482: $? = 0
configure:5498: result: yes
configure:5455: checking for inttypes.h
configure:5476: gcc -c -g -O2  conftest.c >&5
configure:5482: $? = 0
configure:5498: result: yes
configure:5455: checking for stdint.h
configure:5476: gcc -c -g -O2  conftest.c >&5
configure:5482: $? = 0
configure:5498: result: yes
configure:5455: checking for unistd.h
configure:5476: gcc -c -g -O2  conftest.c >&5
configure:5482: $? = 0
configure:5498: result: yes
configure:5525: checking dlfcn.h usability
configure:5542: gcc -c -g -O2  conftest.c >&5
configure:5548: $? = 0
configure:5562: result: yes
configure:5566: checking dlfcn.h presence
configure:5581: gcc -E  conftest.c
configure:5587: $? = 0
configure:5601: result: yes
configure:5634: checking for dlfcn.h
configure:5642: result: yes
configure:5713: checking for g++
configure:5729: found /usr/bin/g++
configure:5740: result: g++
configure:5771: checking for C++ compiler version
configure:5778: g++ --version >&5
g++ (GCC) 4.2.4 (Ubuntu 4.2.4-1ubuntu4)
Copyright (C) 2007 Free Software Foundation, Inc.
This is free software; see the source for copying conditions.  There is NO
warranty; not even for MERCHANTABILITY or FITNESS FOR A PARTICULAR PURPOSE.

configure:5781: $? = 0
configure:5788: g++ -v >&5
Using built-in specs.
Target: i486-linux-gnu
Configured with: ../src/configure -v --enable-languages=c,c++,fortran,objc,obj-c++,treelang --prefix=/usr --enable-shared --with-system-zlib --libexecdir=/usr/lib --without-included-gettext --enable-threads=posix --enable-nls --with-gxx-include-dir=/usr/include/c++/4.2 --program-suffix=-4.2 --enable-clocale=gnu --enable-libstdcxx-debug --enable-objc-gc --enable-mpfr --enable-targets=all --enable-checking=release --build=i486-linux-gnu --host=i486-linux-gnu --target=i486-linux-gnu
Thread model: posix
gcc version 4.2.4 (Ubuntu 4.2.4-1ubuntu4)
configure:5791: $? = 0
configure:5798: g++ -V >&5
g++: '-V' option must have argument
configure:5801: $? = 1
configure:5804: checking whether we are using the GNU C++ compiler
configure:5833: g++ -c   conftest.cpp >&5
configure:5839: $? = 0
configure:5856: result: yes
configure:5861: checking whether g++ accepts -g
configure:5891: g++ -c -g  conftest.cpp >&5
configure:5897: $? = 0
configure:5996: result: yes
configure:6021: checking dependency style of g++
configure:6112: result: gcc3
configure:6137: checking how to run the C++ preprocessor
configure:6173: g++ -E  conftest.cpp
configure:6179: $? = 0
configure:6210: g++ -E  conftest.cpp
conftest.cpp:19:28: error: ac_nonexistent.h: No such file or directory
configure:6216: $? = 1
configure: failed program was:
| /* confdefs.h.  */
| #define PACKAGE_NAME "talkmm"
| #define PACKAGE_TARNAME "talkmm"
| #define PACKAGE_VERSION "0.1"
| #define PACKAGE_STRING "talkmm 0.1"
| #define PACKAGE_BUGREPORT "lerosua@gmail.com"
| #define STDC_HEADERS 1
| #define HAVE_SYS_TYPES_H 1
| #define HAVE_SYS_STAT_H 1
| #define HAVE_STDLIB_H 1
| #define HAVE_STRING_H 1
| #define HAVE_MEMORY_H 1
| #define HAVE_STRINGS_H 1
| #define HAVE_INTTYPES_H 1
| #define HAVE_STDINT_H 1
| #define HAVE_UNISTD_H 1
| #define HAVE_DLFCN_H 1
| /* end confdefs.h.  */
| #include <ac_nonexistent.h>
configure:6249: result: g++ -E
configure:6278: g++ -E  conftest.cpp
configure:6284: $? = 0
configure:6315: g++ -E  conftest.cpp
conftest.cpp:19:28: error: ac_nonexistent.h: No such file or directory
configure:6321: $? = 1
configure: failed program was:
| /* confdefs.h.  */
| #define PACKAGE_NAME "talkmm"
| #define PACKAGE_TARNAME "talkmm"
| #define PACKAGE_VERSION "0.1"
| #define PACKAGE_STRING "talkmm 0.1"
| #define PACKAGE_BUGREPORT "lerosua@gmail.com"
| #define STDC_HEADERS 1
| #define HAVE_SYS_TYPES_H 1
| #define HAVE_SYS_STAT_H 1
| #define HAVE_STDLIB_H 1
| #define HAVE_STRING_H 1
| #define HAVE_MEMORY_H 1
| #define HAVE_STRINGS_H 1
| #define HAVE_INTTYPES_H 1
| #define HAVE_STDINT_H 1
| #define HAVE_UNISTD_H 1
| #define HAVE_DLFCN_H 1
| /* end confdefs.h.  */
| #include <ac_nonexistent.h>
configure:6414: checking for g77
configure:6444: result: no
configure:6414: checking for xlf
configure:6444: result: no
configure:6414: checking for f77
configure:6444: result: no
configure:6414: checking for frt
configure:6444: result: no
configure:6414: checking for pgf77
configure:6444: result: no
configure:6414: checking for cf77
configure:6444: result: no
configure:6414: checking for fort77
configure:6444: result: no
configure:6414: checking for fl32
configure:6444: result: no
configure:6414: checking for af77
configure:6444: result: no
configure:6414: checking for xlf90
configure:6444: result: no
configure:6414: checking for f90
configure:6444: result: no
configure:6414: checking for pgf90
configure:6444: result: no
configure:6414: checking for pghpf
configure:6444: result: no
configure:6414: checking for epcf90
configure:6444: result: no
configure:6414: checking for gfortran
configure:6444: result: no
configure:6414: checking for g95
configure:6444: result: no
configure:6414: checking for xlf95
configure:6444: result: no
configure:6414: checking for f95
configure:6444: result: no
configure:6414: checking for fort
configure:6444: result: no
configure:6414: checking for ifort
configure:6444: result: no
configure:6414: checking for ifc
configure:6444: result: no
configure:6414: checking for efc
configure:6444: result: no
configure:6414: checking for pgf95
configure:6444: result: no
configure:6414: checking for lf95
configure:6444: result: no
configure:6414: checking for ftn
configure:6444: result: no
configure:6471: checking for Fortran 77 compiler version
configure:6478:  --version >&5
./configure: line 6479: --version: command not found
configure:6481: $? = 127
configure:6488:  -v >&5
./configure: line 6489: -v: command not found
configure:6491: $? = 127
configure:6498:  -V >&5
./configure: line 6499: -V: command not found
configure:6501: $? = 127
configure:6509: checking whether we are using the GNU Fortran 77 compiler
configure:6528:  -c  conftest.F >&5
./configure: line 6529: -c: command not found
configure:6534: $? = 127
configure: failed program was:
|       program main
| #ifndef __GNUC__
|        choke me
| #endif
| 
|       end
configure:6551: result: no
configure:6557: checking whether  accepts -g
configure:6574:  -c -g conftest.f >&5
./configure: line 6575: -c: command not found
configure:6580: $? = 127
configure: failed program was:
|       program main
| 
|       end
configure:6596: result: no
configure:6625: checking the maximum length of command line arguments
configure:6737: result: 98304
configure:6749: checking command to parse /usr/bin/nm -B output from gcc object
configure:6854: gcc -c -g -O2  conftest.c >&5
configure:6857: $? = 0
configure:6861: /usr/bin/nm -B conftest.o \| sed -n -e 's/^.*[ 	]\([ABCDGIRSTW][ABCDGIRSTW]*\)[ 	][ 	]*\([_A-Za-z][_A-Za-z0-9]*\)$/\1 \2 \2/p' \> conftest.nm
configure:6864: $? = 0
configure:6916: gcc -o conftest -g -O2   conftest.c conftstm.o >&5
configure:6919: $? = 0
configure:6957: result: ok
configure:6961: checking for objdir
configure:6976: result: .libs
configure:7068: checking for ar
configure:7084: found /usr/bin/ar
configure:7095: result: ar
configure:7164: checking for ranlib
configure:7180: found /usr/bin/ranlib
configure:7191: result: ranlib
configure:7260: checking for strip
configure:7276: found /usr/bin/strip
configure:7287: result: strip
configure:7885: checking if gcc supports -fno-rtti -fno-exceptions
configure:7903: gcc -c -g -O2  -fno-rtti -fno-exceptions conftest.c >&5
cc1: warning: command line option "-fno-rtti" is valid for C++/ObjC++ but not for C
configure:7907: $? = 0
configure:7920: result: no
configure:7935: checking for gcc option to produce PIC
configure:8167: result: -fPIC
configure:8175: checking if gcc PIC flag -fPIC works
configure:8193: gcc -c -g -O2  -fPIC -DPIC conftest.c >&5
configure:8197: $? = 0
configure:8210: result: yes
configure:8238: checking if gcc static flag -static works
configure:8266: result: yes
configure:8276: checking if gcc supports -c -o file.o
configure:8297: gcc -c -g -O2  -o out/conftest2.o conftest.c >&5
configure:8301: $? = 0
configure:8323: result: yes
configure:8349: checking whether the gcc linker (/usr/bin/ld) supports shared libraries
configure:9330: result: yes
configure:9351: checking whether -lc should be explicitly linked in
configure:9356: gcc -c -g -O2  conftest.c >&5
configure:9359: $? = 0
configure:9374: gcc -shared conftest.o  -v -Wl,-soname -Wl,conftest -o conftest 2\>\&1 \| grep  -lc  \>/dev/null 2\>\&1
configure:9377: $? = 0
configure:9389: result: no
configure:9397: checking dynamic linker characteristics
configure:10011: result: GNU/Linux ld.so
configure:10035: checking how to hardcode library paths into programs
configure:10060: result: immediate
configure:10074: checking whether stripping libraries is possible
configure:10079: result: yes
configure:10881: checking if libtool supports shared libraries
configure:10883: result: yes
configure:10886: checking whether to build shared libraries
configure:10907: result: yes
configure:10910: checking whether to build static libraries
configure:10914: result: yes
configure:11008: creating libtool
configure:11601: checking for ld used by g++
configure:11668: result: /usr/bin/ld
configure:11677: checking if the linker (/usr/bin/ld) is GNU ld
configure:11692: result: yes
configure:11743: checking whether the g++ linker (/usr/bin/ld) supports shared libraries
configure:12689: result: yes
configure:12706: g++ -c -g -O2  conftest.cpp >&5
configure:12709: $? = 0
configure:12865: checking for g++ option to produce PIC
configure:13149: result: -fPIC
configure:13157: checking if g++ PIC flag -fPIC works
configure:13175: g++ -c -g -O2  -fPIC -DPIC conftest.cpp >&5
configure:13179: $? = 0
configure:13192: result: yes
configure:13220: checking if g++ static flag -static works
configure:13248: result: yes
configure:13258: checking if g++ supports -c -o file.o
configure:13279: g++ -c -g -O2  -o out/conftest2.o conftest.cpp >&5
configure:13283: $? = 0
configure:13305: result: yes
configure:13331: checking whether the g++ linker (/usr/bin/ld) supports shared libraries
configure:13360: result: yes
configure:13427: checking dynamic linker characteristics
configure:13989: result: GNU/Linux ld.so
configure:14013: checking how to hardcode library paths into programs
configure:14038: result: immediate
configure:20403: checking for C++ compiler version
configure:20410: g++ --version >&5
g++ (GCC) 4.2.4 (Ubuntu 4.2.4-1ubuntu4)
Copyright (C) 2007 Free Software Foundation, Inc.
This is free software; see the source for copying conditions.  There is NO
warranty; not even for MERCHANTABILITY or FITNESS FOR A PARTICULAR PURPOSE.

configure:20413: $? = 0
configure:20420: g++ -v >&5
Using built-in specs.
Target: i486-linux-gnu
Configured with: ../src/configure -v --enable-languages=c,c++,fortran,objc,obj-c++,treelang --prefix=/usr --enable-shared --with-system-zlib --libexecdir=/usr/lib --without-included-gettext --enable-threads=posix --enable-nls --with-gxx-include-dir=/usr/include/c++/4.2 --program-suffix=-4.2 --enable-clocale=gnu --enable-libstdcxx-debug --enable-objc-gc --enable-mpfr --enable-targets=all --enable-checking=release --build=i486-linux-gnu --host=i486-linux-gnu --target=i486-linux-gnu
Thread model: posix
gcc version 4.2.4 (Ubuntu 4.2.4-1ubuntu4)
configure:20423: $? = 0
configure:20430: g++ -V >&5
g++: '-V' option must have argument
configure:20433: $? = 1
configure:20436: checking whether we are using the GNU C++ compiler
configure:20488: result: yes
configure:20493: checking whether g++ accepts -g
configure:20628: result: yes
configure:20653: checking dependency style of g++
configure:20744: result: gcc3
configure:20807: checking for gcc
configure:20834: result: gcc
configure:21072: checking for C compiler version
configure:21079: gcc --version >&5
gcc (GCC) 4.2.4 (Ubuntu 4.2.4-1ubuntu4)
Copyright (C) 2007 Free Software Foundation, Inc.
This is free software; see the source for copying conditions.  There is NO
warranty; not even for MERCHANTABILITY or FITNESS FOR A PARTICULAR PURPOSE.

configure:21082: $? = 0
configure:21089: gcc -v >&5
Using built-in specs.
Target: i486-linux-gnu
Configured with: ../src/configure -v --enable-languages=c,c++,fortran,objc,obj-c++,treelang --prefix=/usr --enable-shared --with-system-zlib --libexecdir=/usr/lib --without-included-gettext --enable-threads=posix --enable-nls --with-gxx-include-dir=/usr/include/c++/4.2 --program-suffix=-4.2 --enable-clocale=gnu --enable-libstdcxx-debug --enable-objc-gc --enable-mpfr --enable-targets=all --enable-checking=release --build=i486-linux-gnu --host=i486-linux-gnu --target=i486-linux-gnu
Thread model: posix
gcc version 4.2.4 (Ubuntu 4.2.4-1ubuntu4)
configure:21092: $? = 0
configure:21099: gcc -V >&5
gcc: '-V' option must have argument
configure:21102: $? = 1
configure:21105: checking whether we are using the GNU C compiler
configure:21157: result: yes
configure:21162: checking whether gcc accepts -g
configure:21297: result: yes
configure:21314: checking for gcc option to accept ISO C89
configure:21417: result: none needed
configure:21437: checking dependency style of gcc
configure:21528: result: gcc3
configure:21548: checking how to run the C preprocessor
configure:21664: result: gcc -E
configure:21693: gcc -E  conftest.c
configure:21699: $? = 0
configure:21730: gcc -E  conftest.c
conftest.c:19:28: error: ac_nonexistent.h: No such file or directory
configure:21736: $? = 1
configure: failed program was:
| /* confdefs.h.  */
| #define PACKAGE_NAME "talkmm"
| #define PACKAGE_TARNAME "talkmm"
| #define PACKAGE_VERSION "0.1"
| #define PACKAGE_STRING "talkmm 0.1"
| #define PACKAGE_BUGREPORT "lerosua@gmail.com"
| #define STDC_HEADERS 1
| #define HAVE_SYS_TYPES_H 1
| #define HAVE_SYS_STAT_H 1
| #define HAVE_STDLIB_H 1
| #define HAVE_STRING_H 1
| #define HAVE_MEMORY_H 1
| #define HAVE_STRINGS_H 1
| #define HAVE_INTTYPES_H 1
| #define HAVE_STDINT_H 1
| #define HAVE_UNISTD_H 1
| #define HAVE_DLFCN_H 1
| /* end confdefs.h.  */
| #include <ac_nonexistent.h>
configure:21831: checking for pkg-config
configure:21849: found /usr/bin/pkg-config
configure:21861: result: /usr/bin/pkg-config
configure:21890: checking pkg-config is at least version 0.9.0
configure:21893: result: yes
configure:21904: checking for PACKAGE
configure:21912: $PKG_CONFIG --exists --print-errors "$pkg_modules"
configure:21915: $? = 0
configure:21930: $PKG_CONFIG --exists --print-errors "$pkg_modules"
configure:21933: $? = 0
configure:22009: result: yes
configure:22018: checking for XML_ParserCreate in -lexpat
configure:22053: g++ -o conftest -g -O2   conftest.cpp -lexpat   >&5
configure:22059: $? = 0
configure:22077: result: yes
configure:22094: checking for ORTP
configure:22102: $PKG_CONFIG --exists --print-errors "ortp >= 0.7.0"
configure:22105: $? = 0
configure:22120: $PKG_CONFIG --exists --print-errors "ortp >= 0.7.0"
configure:22123: $? = 0
configure:22159: result: yes
configure:22179: checking for SPEEX
configure:22187: $PKG_CONFIG --exists --print-errors "speex >= 1.1.6"
configure:22190: $? = 0
configure:22205: $PKG_CONFIG --exists --print-errors "speex >= 1.1.6"
configure:22208: $? = 0
configure:22244: result: yes
configure:22299: checking iLBC_decode.h usability
configure:22316: g++ -c -g -O2  -I/usr/local/include/ilbc conftest.cpp >&5
configure:22322: $? = 0
configure:22336: result: yes
configure:22340: checking iLBC_decode.h presence
configure:22355: g++ -E  -I/usr/local/include/ilbc conftest.cpp
configure:22361: $? = 0
configure:22375: result: yes
configure:22408: checking for iLBC_decode.h
configure:22416: result: yes
configure:22424: checking for iLBC_decode in -lilbc
configure:22459: g++ -o conftest -g -O2  -I/usr/local/include/ilbc -L/usr/local/lib -lilbc -lm conftest.cpp -lilbc   >&5
configure:22465: $? = 0
configure:22483: result: yes
configure:22521: checking for SPEEX
configure:22586: result: yes
configure:22607: checking for MEDIASTREAMER
configure:22615: $PKG_CONFIG --exists --print-errors "mediastreamer >= 0.0.0"
configure:22618: $? = 0
configure:22633: $PKG_CONFIG --exists --print-errors "mediastreamer >= 0.0.0"
configure:22636: $? = 0
configure:22672: result: yes
configure:22722: checking locale.h usability
configure:22739: g++ -c -g -O2  conftest.cpp >&5
configure:22745: $? = 0
configure:22759: result: yes
configure:22763: checking locale.h presence
configure:22778: g++ -E  conftest.cpp
configure:22784: $? = 0
configure:22798: result: yes
configure:22831: checking for locale.h
configure:22839: result: yes
configure:22853: checking for LC_MESSAGES
configure:22879: g++ -o conftest -g -O2   conftest.cpp  >&5
configure:22885: $? = 0
configure:22902: result: yes
configure:22931: checking libintl.h usability
configure:22948: g++ -c -g -O2  conftest.cpp >&5
configure:22954: $? = 0
configure:22968: result: yes
configure:22972: checking libintl.h presence
configure:22987: g++ -E  conftest.cpp
configure:22993: $? = 0
configure:23007: result: yes
configure:23040: checking for libintl.h
configure:23047: result: yes
configure:23058: checking for ngettext in libc
configure:23086: g++ -o conftest -g -O2   conftest.cpp  >&5
configure:23092: $? = 0
configure:23110: result: yes
configure:23114: checking for dgettext in libc
configure:23142: g++ -o conftest -g -O2   conftest.cpp  >&5
configure:23148: $? = 0
configure:23166: result: yes
configure:23175: checking for bind_textdomain_codeset
configure:23231: g++ -o conftest -g -O2   conftest.cpp  >&5
configure:23237: $? = 0
configure:23255: result: yes
configure:23742: checking for msgfmt
configure:23769: result: /usr/bin/msgfmt
configure:23782: checking for dcgettext
configure:23838: g++ -o conftest -g -O2   conftest.cpp   >&5
configure:23844: $? = 0
configure:23862: result: yes
configure:23873: checking if msgfmt accepts -c
configure:23888: $MSGFMT -c -o /dev/null conftest.foo
configure:23891: $? = 0
configure:23893: result: yes
configure:23903: checking for gmsgfmt
configure:23934: result: /usr/bin/msgfmt
configure:23944: checking for xgettext
configure:23971: result: /usr/bin/xgettext
configure:24000: g++ -o conftest -g -O2   conftest.cpp   >&5
configure:24006: $? = 0
configure:24383: creating ./config.status

## ---------------------- ##
## Running config.status. ##
## ---------------------- ##

This file was extended by talkmm config.status 0.1, which was
generated by GNU Autoconf 2.61.  Invocation command line was

  CONFIG_FILES    = 
  CONFIG_HEADERS  = 
  CONFIG_LINKS    = 
  CONFIG_COMMANDS = 
  $ ./config.status 

on leros-desktop

config.status:732: creating Makefile
config.status:732: creating src/Makefile
config.status:732: creating data/Makefile
config.status:732: creating data/images/Makefile
config.status:732: creating po/Makefile.in
config.status:732: creating config.h
config.status:1017: executing depfiles commands
config.status:1017: executing intltool commands
config.status:1017: executing default-1 commands
config.status:1017: executing po/stamp-it commands

## ---------------- ##
## Cache variables. ##
## ---------------- ##

ac_cv_build=i686-pc-linux-gnu
ac_cv_c_compiler_gnu=yes
ac_cv_cxx_compiler_gnu=yes
ac_cv_env_CCC_set=
ac_cv_env_CCC_value=
ac_cv_env_CC_set=
ac_cv_env_CC_value=
ac_cv_env_CFLAGS_set=
ac_cv_env_CFLAGS_value=
ac_cv_env_CPPFLAGS_set=
ac_cv_env_CPPFLAGS_value=
ac_cv_env_CPP_set=
ac_cv_env_CPP_value=
ac_cv_env_CXXCPP_set=
ac_cv_env_CXXCPP_value=
ac_cv_env_CXXFLAGS_set=
ac_cv_env_CXXFLAGS_value=
ac_cv_env_CXX_set=
ac_cv_env_CXX_value=
ac_cv_env_F77_set=
ac_cv_env_F77_value=
ac_cv_env_FFLAGS_set=
ac_cv_env_FFLAGS_value=
ac_cv_env_LDFLAGS_set=
ac_cv_env_LDFLAGS_value=
ac_cv_env_LIBS_set=
ac_cv_env_LIBS_value=
ac_cv_env_MEDIASTREAMER_CFLAGS_set=
ac_cv_env_MEDIASTREAMER_CFLAGS_value=
ac_cv_env_MEDIASTREAMER_LIBS_set=
ac_cv_env_MEDIASTREAMER_LIBS_value=
ac_cv_env_ORTP_CFLAGS_set=
ac_cv_env_ORTP_CFLAGS_value=
ac_cv_env_ORTP_LIBS_set=
ac_cv_env_ORTP_LIBS_value=
ac_cv_env_PACKAGE_CFLAGS_set=
ac_cv_env_PACKAGE_CFLAGS_value=
ac_cv_env_PACKAGE_LIBS_set=
ac_cv_env_PACKAGE_LIBS_value=
ac_cv_env_PKG_CONFIG_set=
ac_cv_env_PKG_CONFIG_value=
ac_cv_env_SPEEX_CFLAGS_set=
ac_cv_env_SPEEX_CFLAGS_value=
ac_cv_env_SPEEX_LIBS_set=
ac_cv_env_SPEEX_LIBS_value=
ac_cv_env_build_alias_set=
ac_cv_env_build_alias_value=
ac_cv_env_host_alias_set=
ac_cv_env_host_alias_value=
ac_cv_env_target_alias_set=
ac_cv_env_target_alias_value=
ac_cv_f77_compiler_gnu=no
ac_cv_func_bind_textdomain_codeset=yes
ac_cv_func_dcgettext=yes
ac_cv_header_dlfcn_h=yes
ac_cv_header_iLBC_decode_h=yes
ac_cv_header_inttypes_h=yes
ac_cv_header_libintl_h=yes
ac_cv_header_locale_h=yes
ac_cv_header_memory_h=yes
ac_cv_header_stdc=yes
ac_cv_header_stdint_h=yes
ac_cv_header_stdlib_h=yes
ac_cv_header_string_h=yes
ac_cv_header_strings_h=yes
ac_cv_header_sys_stat_h=yes
ac_cv_header_sys_types_h=yes
ac_cv_header_unistd_h=yes
ac_cv_host=i686-pc-linux-gnu
ac_cv_lib_expat_XML_ParserCreate=yes
ac_cv_lib_ilbc_iLBC_decode=yes
ac_cv_objext=o
ac_cv_path_EGREP='/bin/grep -E'
ac_cv_path_GMSGFMT=/usr/bin/msgfmt
ac_cv_path_GREP=/bin/grep
ac_cv_path_INTLTOOL_PERL=/usr/bin/perl
ac_cv_path_MSGFMT=/usr/bin/msgfmt
ac_cv_path_MSGMERGE=/usr/bin/msgmerge
ac_cv_path_XGETTEXT=/usr/bin/xgettext
ac_cv_path_ac_pt_PKG_CONFIG=/usr/bin/pkg-config
ac_cv_path_install='/usr/bin/install -c'
ac_cv_path_mkdir=/bin/mkdir
ac_cv_prog_AWK=gawk
ac_cv_prog_CPP='gcc -E'
ac_cv_prog_CXXCPP='g++ -E'
ac_cv_prog_ac_ct_AR=ar
ac_cv_prog_ac_ct_CC=gcc
ac_cv_prog_ac_ct_CXX=g++
ac_cv_prog_ac_ct_RANLIB=ranlib
ac_cv_prog_ac_ct_STRIP=strip
ac_cv_prog_cc_c89=
ac_cv_prog_cc_g=yes
ac_cv_prog_cxx_g=yes
ac_cv_prog_f77_g=no
ac_cv_prog_make_make_set=yes
am_cv_CC_dependencies_compiler_type=gcc3
am_cv_CXX_dependencies_compiler_type=gcc3
am_cv_val_LC_MESSAGES=yes
gt_cv_func_dgettext_libc=yes
gt_cv_func_dgettext_libintl=no
gt_cv_func_ngettext_libc=yes
gt_cv_have_gettext=yes
lt_cv_deplibs_check_method=pass_all
lt_cv_file_magic_cmd='$MAGIC_CMD'
lt_cv_file_magic_test_file=
lt_cv_ld_reload_flag=-r
lt_cv_objdir=.libs
lt_cv_path_LD=/usr/bin/ld
lt_cv_path_LDCXX=/usr/bin/ld
lt_cv_path_NM='/usr/bin/nm -B'
lt_cv_path_SED=/bin/sed
lt_cv_prog_compiler_c_o=yes
lt_cv_prog_compiler_c_o_CXX=yes
lt_cv_prog_compiler_pic_works=yes
lt_cv_prog_compiler_pic_works_CXX=yes
lt_cv_prog_compiler_rtti_exceptions=no
lt_cv_prog_compiler_static_works=yes
lt_cv_prog_compiler_static_works_CXX=yes
lt_cv_prog_gnu_ld=yes
lt_cv_prog_gnu_ldcxx=yes
lt_cv_sys_global_symbol_pipe='sed -n -e '\''s/^.*[ 	]\([ABCDGIRSTW][ABCDGIRSTW]*\)[ 	][ 	]*\([_A-Za-z][_A-Za-z0-9]*\)$/\1 \2 \2/p'\'''
lt_cv_sys_global_symbol_to_c_name_address='sed -n -e '\''s/^: \([^ ]*\) $/  {\"\1\", (lt_ptr) 0},/p'\'' -e '\''s/^[BCDEGRST] \([^ ]*\) \([^ ]*\)$/  {"\2", (lt_ptr) \&\2},/p'\'''
lt_cv_sys_global_symbol_to_cdecl='sed -n -e '\''s/^. .* \(.*\)$/extern int \1;/p'\'''
lt_cv_sys_lib_dlsearch_path_spec='/lib /usr/lib /lib/i486-linux-gnu /usr/lib/i486-linux-gnu /usr/local/lib /usr/local/lib /usr/lib '
lt_cv_sys_lib_search_path_spec='/usr/lib/gcc/i486-linux-gnu/4.2.4 /usr/lib /lib'
lt_cv_sys_max_cmd_len=98304
lt_lt_cv_prog_compiler_c_o='"yes"'
lt_lt_cv_prog_compiler_c_o_CXX='"yes"'
lt_lt_cv_sys_global_symbol_pipe='"sed -n -e '\''s/^.*[ 	]\\([ABCDGIRSTW][ABCDGIRSTW]*\\)[ 	][ 	]*\\([_A-Za-z][_A-Za-z0-9]*\\)\$/\\1 \\2 \\2/p'\''"'
lt_lt_cv_sys_global_symbol_to_c_name_address='"sed -n -e '\''s/^: \\([^ ]*\\) \$/  {\\\"\\1\\\", (lt_ptr) 0},/p'\'' -e '\''s/^[BCDEGRST] \\([^ ]*\\) \\([^ ]*\\)\$/  {\"\\2\", (lt_ptr) \\&\\2},/p'\''"'
lt_lt_cv_sys_global_symbol_to_cdecl='"sed -n -e '\''s/^. .* \\(.*\\)\$/extern int \\1;/p'\''"'
pkg_cv_MEDIASTREAMER_CFLAGS=' '
pkg_cv_MEDIASTREAMER_LIBS='-lmediastreamer  '
pkg_cv_ORTP_CFLAGS='-D_REENTRANT -DORTP_INET6 -I/usr/local/include  '
pkg_cv_ORTP_LIBS='-L/usr/local/lib -lortp -lpthread  '
pkg_cv_PACKAGE_CFLAGS='-I/usr/include/gtkmm-2.4 -I/usr/lib/gtkmm-2.4/include -I/usr/include/glibmm-2.4 -I/usr/lib/glibmm-2.4/include -I/usr/include/gdkmm-2.4 -I/usr/lib/gdkmm-2.4/include -I/usr/include/pangomm-1.4 -I/usr/include/atkmm-1.6 -I/usr/include/gtk-2.0 -I/usr/include/sigc++-2.0 -I/usr/lib/sigc++-2.0/include -I/usr/include/glib-2.0 -I/usr/lib/glib-2.0/include -I/usr/lib/gtk-2.0/include -I/usr/include/cairomm-1.0 -I/usr/include/pango-1.0 -I/usr/include/cairo -I/usr/include/freetype2 -I/usr/include/libpng12 -I/usr/include/pixman-1 -I/usr/include/atk-1.0 -I/usr/include/libglademm-2.4 -I/usr/lib/libglademm-2.4/include -I/usr/include/libglade-2.0 -I/usr/include/libxml2 -I/usr/include/libsexymm -I/usr/lib/libsexymm/include  '
pkg_cv_PACKAGE_LIBS='-lglademm-2.4 -lglade-2.0 -lsexymm -lgtkmm-2.4 -lsexy -lfontconfig -lXext -lXrender -lXinerama -lXi -lXrandr -lXcursor -lXfixes -lX11 -lxml2 -lgdkmm-2.4 -latkmm-1.6 -lgtk-x11-2.0 -lpangomm-1.4 -lcairomm-1.0 -lglibmm-2.4 -lsigc-2.0 -lgdk-x11-2.0 -latk-1.0 -lgdk_pixbuf-2.0 -lm -lpangocairo-1.0 -lpango-1.0 -lcairo -lgobject-2.0 -lgmodule-2.0 -ldl -lglib-2.0  '
pkg_cv_SPEEX_CFLAGS='-I/usr/local/include  '
pkg_cv_SPEEX_LIBS='-L/usr/local/lib -lspeex -lm  '

## ----------------- ##
## Output variables. ##
## ----------------- ##

ACLOCAL='${SHELL} /home/leros/work/talkmm/talkmm/missing --run aclocal-1.10'
ALL_LINGUAS=''
AMDEPBACKSLASH='\'
AMDEP_FALSE='#'
AMDEP_TRUE=''
AMTAR='${SHELL} /home/leros/work/talkmm/talkmm/missing --run tar'
AR='ar'
AUTOCONF='${SHELL} /home/leros/work/talkmm/talkmm/missing --run autoconf'
AUTOHEADER='${SHELL} /home/leros/work/talkmm/talkmm/missing --run autoheader'
AUTOMAKE='${SHELL} /home/leros/work/talkmm/talkmm/missing --run automake-1.10'
AWK='gawk'
CATALOGS=''
CATOBJEXT='.gmo'
CC='gcc'
CCDEPMODE='depmode=gcc3'
CFLAGS='-g -O2'
CPP='gcc -E'
CPPFLAGS=''
CXX='g++'
CXXCPP='g++ -E'
CXXDEPMODE='depmode=gcc3'
CXXFLAGS='-g -O2'
CYGPATH_W='echo'
DATADIRNAME='share'
DEFS='-DHAVE_CONFIG_H'
DEPDIR='.deps'
DSYMUTIL=''
ECHO='echo'
ECHO_C=''
ECHO_N='-n'
ECHO_T=''
EGREP='/bin/grep -E'
EXEEXT=''
EXPAT_LIBS='-lexpat'
F77=''
FFLAGS=''
GETTEXT_PACKAGE='talkmm'
GMOFILES=''
GMSGFMT='/usr/bin/msgfmt'
GREP='/bin/grep'
ILBC_CFLAGS=' -I/usr/local/include/ilbc'
ILBC_LIBS='-L/usr/local/lib -lilbc -lm'
INSTALL_DATA='${INSTALL} -m 644'
INSTALL_PROGRAM='${INSTALL}'
INSTALL_SCRIPT='${INSTALL}'
INSTALL_STRIP_PROGRAM='$(install_sh) -c -s'
INSTOBJEXT='.mo'
INTLLIBS=''
INTLTOOL_CAVES_RULE='%.caves:     %.caves.in     $(INTLTOOL_MERGE) $(wildcard $(top_srcdir)/po/*.po) ; LC_ALL=C $(INTLTOOL_MERGE) -d -u -c $(top_builddir)/po/.intltool-merge-cache $(top_srcdir)/po $< $@'
INTLTOOL_DESKTOP_RULE='%.desktop:   %.desktop.in   $(INTLTOOL_MERGE) $(wildcard $(top_srcdir)/po/*.po) ; LC_ALL=C $(INTLTOOL_MERGE) -d -u -c $(top_builddir)/po/.intltool-merge-cache $(top_srcdir)/po $< $@'
INTLTOOL_DIRECTORY_RULE='%.directory: %.directory.in $(INTLTOOL_MERGE) $(wildcard $(top_srcdir)/po/*.po) ; LC_ALL=C $(INTLTOOL_MERGE) -d -u -c $(top_builddir)/po/.intltool-merge-cache $(top_srcdir)/po $< $@'
INTLTOOL_EXTRACT='$(top_builddir)/intltool-extract'
INTLTOOL_KBD_RULE='%.kbd:       %.kbd.in       $(INTLTOOL_MERGE) $(wildcard $(top_srcdir)/po/*.po) ; LC_ALL=C $(INTLTOOL_MERGE) -x -u -m -c $(top_builddir)/po/.intltool-merge-cache $(top_srcdir)/po $< $@'
INTLTOOL_KEYS_RULE='%.keys:      %.keys.in      $(INTLTOOL_MERGE) $(wildcard $(top_srcdir)/po/*.po) ; LC_ALL=C $(INTLTOOL_MERGE) -k -u -c $(top_builddir)/po/.intltool-merge-cache $(top_srcdir)/po $< $@'
INTLTOOL_MERGE='$(top_builddir)/intltool-merge'
INTLTOOL_OAF_RULE='%.oaf:       %.oaf.in       $(INTLTOOL_MERGE) $(wildcard $(top_srcdir)/po/*.po) ; LC_ALL=C $(INTLTOOL_MERGE) -o -p $(top_srcdir)/po $< $@'
INTLTOOL_PERL='/usr/bin/perl'
INTLTOOL_POLICY_RULE='%.policy:    %.policy.in    $(INTLTOOL_MERGE) $(wildcard $(top_srcdir)/po/*.po) ; LC_ALL=C $(INTLTOOL_MERGE) -x -u -c $(top_builddir)/po/.intltool-merge-cache $(top_srcdir)/po $< $@'
INTLTOOL_PONG_RULE='%.pong:      %.pong.in      $(INTLTOOL_MERGE) $(wildcard $(top_srcdir)/po/*.po) ; LC_ALL=C $(INTLTOOL_MERGE) -x -u -c $(top_builddir)/po/.intltool-merge-cache $(top_srcdir)/po $< $@'
INTLTOOL_PROP_RULE='%.prop:      %.prop.in      $(INTLTOOL_MERGE) $(wildcard $(top_srcdir)/po/*.po) ; LC_ALL=C $(INTLTOOL_MERGE) -d -u -c $(top_builddir)/po/.intltool-merge-cache $(top_srcdir)/po $< $@'
INTLTOOL_SCHEMAS_RULE='%.schemas:   %.schemas.in   $(INTLTOOL_MERGE) $(wildcard $(top_srcdir)/po/*.po) ; LC_ALL=C $(INTLTOOL_MERGE) -s -u -c $(top_builddir)/po/.intltool-merge-cache $(top_srcdir)/po $< $@'
INTLTOOL_SERVER_RULE='%.server:    %.server.in    $(INTLTOOL_MERGE) $(wildcard $(top_srcdir)/po/*.po) ; LC_ALL=C $(INTLTOOL_MERGE) -o -u -c $(top_builddir)/po/.intltool-merge-cache $(top_srcdir)/po $< $@'
INTLTOOL_SERVICE_RULE='%.service: %.service.in   $(INTLTOOL_MERGE) $(wildcard $(top_srcdir)/po/*.po) ; LC_ALL=C $(INTLTOOL_MERGE) -d -u -c $(top_builddir)/po/.intltool-merge-cache $(top_srcdir)/po $< $@'
INTLTOOL_SHEET_RULE='%.sheet:     %.sheet.in     $(INTLTOOL_MERGE) $(wildcard $(top_srcdir)/po/*.po) ; LC_ALL=C $(INTLTOOL_MERGE) -x -u -c $(top_builddir)/po/.intltool-merge-cache $(top_srcdir)/po $< $@'
INTLTOOL_SOUNDLIST_RULE='%.soundlist: %.soundlist.in $(INTLTOOL_MERGE) $(wildcard $(top_srcdir)/po/*.po) ; LC_ALL=C $(INTLTOOL_MERGE) -d -u -c $(top_builddir)/po/.intltool-merge-cache $(top_srcdir)/po $< $@'
INTLTOOL_THEME_RULE='%.theme:     %.theme.in     $(INTLTOOL_MERGE) $(wildcard $(top_srcdir)/po/*.po) ; LC_ALL=C $(INTLTOOL_MERGE) -d -u -c $(top_builddir)/po/.intltool-merge-cache $(top_srcdir)/po $< $@'
INTLTOOL_UI_RULE='%.ui:        %.ui.in        $(INTLTOOL_MERGE) $(wildcard $(top_srcdir)/po/*.po) ; LC_ALL=C $(INTLTOOL_MERGE) -x -u -c $(top_builddir)/po/.intltool-merge-cache $(top_srcdir)/po $< $@'
INTLTOOL_UPDATE='$(top_builddir)/intltool-update'
INTLTOOL_XAM_RULE='%.xam:       %.xml.in       $(INTLTOOL_MERGE) $(wildcard $(top_srcdir)/po/*.po) ; LC_ALL=C $(INTLTOOL_MERGE) -x -u -c $(top_builddir)/po/.intltool-merge-cache $(top_srcdir)/po $< $@'
INTLTOOL_XML_NOMERGE_RULE='%.xml:       %.xml.in       $(INTLTOOL_MERGE) ; LC_ALL=C $(INTLTOOL_MERGE) -x -u /tmp $< $@'
INTLTOOL_XML_RULE='%.xml:       %.xml.in       $(INTLTOOL_MERGE) $(wildcard $(top_srcdir)/po/*.po) ; LC_ALL=C $(INTLTOOL_MERGE) -x -u -c $(top_builddir)/po/.intltool-merge-cache $(top_srcdir)/po $< $@'
LDFLAGS=''
LIBOBJS=''
LIBS=''
LIBTOOL='$(SHELL) $(top_builddir)/libtool'
LN_S='ln -s'
LTLIBOBJS=''
MAINT='#'
MAINTAINER_MODE_FALSE=''
MAINTAINER_MODE_TRUE='#'
MAKEINFO='${SHELL} /home/leros/work/talkmm/talkmm/missing --run makeinfo'
MEDIASTREAMER_CFLAGS=' '
MEDIASTREAMER_LIBS='-lmediastreamer  '
MKINSTALLDIRS='./mkinstalldirs'
MSGFMT='/usr/bin/msgfmt'
MSGFMT_OPTS='-c'
MSGMERGE='/usr/bin/msgmerge'
NMEDIT=''
OBJEXT='o'
ORTP_CFLAGS='-D_REENTRANT -DORTP_INET6 -I/usr/local/include  '
ORTP_LIBS='-L/usr/local/lib -lortp -lpthread  '
PACKAGE='talkmm'
PACKAGE_BUGREPORT='lerosua@gmail.com'
PACKAGE_CFLAGS='-I/usr/include/gtkmm-2.4 -I/usr/lib/gtkmm-2.4/include -I/usr/include/glibmm-2.4 -I/usr/lib/glibmm-2.4/include -I/usr/include/gdkmm-2.4 -I/usr/lib/gdkmm-2.4/include -I/usr/include/pangomm-1.4 -I/usr/include/atkmm-1.6 -I/usr/include/gtk-2.0 -I/usr/include/sigc++-2.0 -I/usr/lib/sigc++-2.0/include -I/usr/include/glib-2.0 -I/usr/lib/glib-2.0/include -I/usr/lib/gtk-2.0/include -I/usr/include/cairomm-1.0 -I/usr/include/pango-1.0 -I/usr/include/cairo -I/usr/include/freetype2 -I/usr/include/libpng12 -I/usr/include/pixman-1 -I/usr/include/atk-1.0 -I/usr/include/libglademm-2.4 -I/usr/lib/libglademm-2.4/include -I/usr/include/libglade-2.0 -I/usr/include/libxml2 -I/usr/include/libsexymm -I/usr/lib/libsexymm/include  '
PACKAGE_LIBS='-lglademm-2.4 -lglade-2.0 -lsexymm -lgtkmm-2.4 -lsexy -lfontconfig -lXext -lXrender -lXinerama -lXi -lXrandr -lXcursor -lXfixes -lX11 -lxml2 -lgdkmm-2.4 -latkmm-1.6 -lgtk-x11-2.0 -lpangomm-1.4 -lcairomm-1.0 -lglibmm-2.4 -lsigc-2.0 -lgdk-x11-2.0 -latk-1.0 -lgdk_pixbuf-2.0 -lm -lpangocairo-1.0 -lpango-1.0 -lcairo -lgobject-2.0 -lgmodule-2.0 -ldl -lglib-2.0  '
PACKAGE_NAME='talkmm'
PACKAGE_STRING='talkmm 0.1'
PACKAGE_TARNAME='talkmm'
PACKAGE_VERSION='0.1'
PATH_SEPARATOR=':'
PKG_CONFIG='/usr/bin/pkg-config'
POFILES=''
POSUB='po'
PO_IN_DATADIR_FALSE=''
PO_IN_DATADIR_TRUE=''
RANLIB='ranlib'
SED='/bin/sed'
SET_MAKE=''
SHELL='/bin/sh'
SPEEX_CFLAGS='-I/usr/local/include  '
SPEEX_LIBS='-L/usr/local/lib -lspeex -lm  '
STRIP='strip'
USE_NLS='yes'
VERSION='0.1'
XGETTEXT='/usr/bin/xgettext'
ac_ct_CC='gcc'
ac_ct_CXX='g++'
ac_ct_F77=''
am__fastdepCC_FALSE='#'
am__fastdepCC_TRUE=''
am__fastdepCXX_FALSE='#'
am__fastdepCXX_TRUE=''
am__include='include'
am__isrc=''
am__leading_dot='.'
am__quote=''
am__tar='${AMTAR} chof - "$$tardir"'
am__untar='${AMTAR} xf -'
bindir='${exec_prefix}/bin'
build='i686-pc-linux-gnu'
build_alias=''
build_cpu='i686'
build_os='linux-gnu'
build_vendor='pc'
datadir='${datarootdir}'
datarootdir='${prefix}/share'
docdir='${datarootdir}/doc/${PACKAGE_TARNAME}'
dvidir='${docdir}'
exec_prefix='${prefix}'
host='i686-pc-linux-gnu'
host_alias=''
host_cpu='i686'
host_os='linux-gnu'
host_vendor='pc'
htmldir='${docdir}'
includedir='${prefix}/include'
infodir='${datarootdir}/info'
install_sh='$(SHELL) /home/leros/work/talkmm/talkmm/install-sh'
libdir='${exec_prefix}/lib'
libexecdir='${exec_prefix}/libexec'
localedir='${datarootdir}/locale'
localstatedir='${prefix}/var'
mandir='${datarootdir}/man'
mkdir_p='/bin/mkdir -p'
oldincludedir='/usr/include'
pdfdir='${docdir}'
prefix='/usr/local'
program_transform_name='s,x,x,'
psdir='${docdir}'
sbindir='${exec_prefix}/sbin'
sharedstatedir='${prefix}/com'
sysconfdir='${prefix}/etc'
target_alias=''

## ----------- ##
## confdefs.h. ##
## ----------- ##

#define PACKAGE_NAME "talkmm"
#define PACKAGE_TARNAME "talkmm"
#define PACKAGE_VERSION "0.1"
#define PACKAGE_STRING "talkmm 0.1"
#define PACKAGE_BUGREPORT "lerosua@gmail.com"
#define STDC_HEADERS 1
#define HAVE_SYS_TYPES_H 1
#define HAVE_SYS_STAT_H 1
#define HAVE_STDLIB_H 1
#define HAVE_STRING_H 1
#define HAVE_MEMORY_H 1
#define HAVE_STRINGS_H 1
#define HAVE_INTTYPES_H 1
#define HAVE_STDINT_H 1
#define HAVE_UNISTD_H 1
#define HAVE_DLFCN_H 1
#define HAVE_ORTP 1
#define HAVE_SPEEX 1
#define HAVE_ILBC_DECODE_H 1
#define HAVE_ILBC 1
#define HAVE_SPEEX 1
#define HAVE_MEDIASTREAMER 1
#define GETTEXT_PACKAGE "talkmm"
#define HAVE_LOCALE_H 1
#define HAVE_LC_MESSAGES 1
#define HAVE_BIND_TEXTDOMAIN_CODESET 1
#define HAVE_GETTEXT 1
#define HAVE_DCGETTEXT 1
#define ENABLE_NLS 1

configure: exit 0

## ---------------------- ##
## Running config.status. ##
## ---------------------- ##

This file was extended by talkmm config.status 0.1, which was
generated by GNU Autoconf 2.61.  Invocation command line was

  CONFIG_FILES    = 
  CONFIG_HEADERS  = 
  CONFIG_LINKS    = 
  CONFIG_COMMANDS = 
  $ ./config.status Makefile

on leros-desktop

config.status:732: creating Makefile

## ---------------------- ##
## Running config.status. ##
## ---------------------- ##

This file was extended by talkmm config.status 0.1, which was
generated by GNU Autoconf 2.61.  Invocation command line was

  CONFIG_FILES    = 
  CONFIG_HEADERS  = 
  CONFIG_LINKS    = 
  CONFIG_COMMANDS = 
  $ ./config.status src/Makefile depfiles

on leros-desktop

config.status:732: creating src/Makefile
config.status:1017: executing depfiles commands

## ---------------------- ##
## Running config.status. ##
## ---------------------- ##

This file was extended by talkmm config.status 0.1, which was
generated by GNU Autoconf 2.61.  Invocation command line was

  CONFIG_FILES    = 
  CONFIG_HEADERS  = 
  CONFIG_LINKS    = 
  CONFIG_COMMANDS = 
  $ ./config.status data/Makefile

on leros-desktop

config.status:732: creating data/Makefile

## ---------------------- ##
## Running config.status. ##
## ---------------------- ##

This file was extended by talkmm config.status 0.1, which was
generated by GNU Autoconf 2.61.  Invocation command line was

  CONFIG_FILES    = 
  CONFIG_HEADERS  = 
  CONFIG_LINKS    = 
  CONFIG_COMMANDS = 
  $ ./config.status data/images/Makefile

on leros-desktop

config.status:732: creating data/images/Makefile

## ---------------------- ##
## Running config.status. ##
## ---------------------- ##

This file was extended by talkmm config.status 0.1, which was
generated by GNU Autoconf 2.61.  Invocation command line was

  CONFIG_FILES    = 
  CONFIG_HEADERS  = 
  CONFIG_LINKS    = 
  CONFIG_COMMANDS = 
  $ ./config.status Makefile

on leros-desktop

config.status:732: creating Makefile

## ---------------------- ##
## Running config.status. ##
## ---------------------- ##

This file was extended by talkmm config.status 0.1, which was
generated by GNU Autoconf 2.61.  Invocation command line was

  CONFIG_FILES    = 
  CONFIG_HEADERS  = 
  CONFIG_LINKS    = 
  CONFIG_COMMANDS = 
  $ ./config.status src/Makefile depfiles

on leros-desktop

config.status:732: creating src/Makefile
config.status:1017: executing depfiles commands

## ---------------------- ##
## Running config.status. ##
## ---------------------- ##

This file was extended by talkmm config.status 0.1, which was
generated by GNU Autoconf 2.61.  Invocation command line was

  CONFIG_FILES    = 
  CONFIG_HEADERS  = 
  CONFIG_LINKS    = 
  CONFIG_COMMANDS = 
  $ ./config.status data/Makefile

on leros-desktop

config.status:732: creating data/Makefile

## ---------------------- ##
## Running config.status. ##
## ---------------------- ##

This file was extended by talkmm config.status 0.1, which was
generated by GNU Autoconf 2.61.  Invocation command line was

  CONFIG_FILES    = 
  CONFIG_HEADERS  = 
  CONFIG_LINKS    = 
  CONFIG_COMMANDS = 
  $ ./config.status data/images/Makefile

on leros-desktop

config.status:732: creating data/images/Makefile

## ---------------------- ##
## Running config.status. ##
## ---------------------- ##

This file was extended by talkmm config.status 0.1, which was
generated by GNU Autoconf 2.61.  Invocation command line was

  CONFIG_FILES    = 
  CONFIG_HEADERS  = 
  CONFIG_LINKS    = 
  CONFIG_COMMANDS = 
  $ ./config.status Makefile

on leros-desktop

config.status:732: creating Makefile

## ---------------------- ##
## Running config.status. ##
## ---------------------- ##

This file was extended by talkmm config.status 0.1, which was
generated by GNU Autoconf 2.61.  Invocation command line was

  CONFIG_FILES    = 
  CONFIG_HEADERS  = 
  CONFIG_LINKS    = 
  CONFIG_COMMANDS = 
  $ ./config.status src/Makefile depfiles

on leros-desktop

config.status:732: creating src/Makefile
config.status:1017: executing depfiles commands

## ---------------------- ##
## Running config.status. ##
## ---------------------- ##

This file was extended by talkmm config.status 0.1, which was
generated by GNU Autoconf 2.61.  Invocation command line was

  CONFIG_FILES    = 
  CONFIG_HEADERS  = 
  CONFIG_LINKS    = 
  CONFIG_COMMANDS = 
  $ ./config.status data/Makefile

on leros-desktop

config.status:732: creating data/Makefile

## ---------------------- ##
## Running config.status. ##
## ---------------------- ##

This file was extended by talkmm config.status 0.1, which was
generated by GNU Autoconf 2.61.  Invocation command line was

  CONFIG_FILES    = 
  CONFIG_HEADERS  = 
  CONFIG_LINKS    = 
  CONFIG_COMMANDS = 
  $ ./config.status data/images/Makefile

on leros-desktop

config.status:732: creating data/images/Makefile
